This is pdfTeX, Version 3.141592653-2.6-1.40.22 (TeX Live 2021) (preloaded format=pdflatex 2021.11.13)  17 DEC 2021 11:00
entering extended mode
 restricted \write18 enabled.
 %&-line parsing enabled.
**report.tex
(./report.tex
LaTeX2e <2020-10-01> patch level 4
L3 programming layer <2021-02-18> (./AAS.cls
Document Class: AAS 2010/03/01 v2.0.5 Standard LaTeX document class
NOTE: Passing ``letterpaper" option on to the standard LaTeX article class
NOTE: Passing ``11pt" option on to the standard LaTeX article class

TYPESETTING in AAS conference PAPER format ...

(/usr/local/texlive/2021/texmf-dist/tex/latex/graphics/graphicx.sty
Package: graphicx 2020/09/09 v1.2b Enhanced LaTeX Graphics (DPC,SPQR)

(/usr/local/texlive/2021/texmf-dist/tex/latex/graphics/keyval.sty
Package: keyval 2014/10/28 v1.15 key=value parser (DPC)
\KV@toks@=\toks15
)
(/usr/local/texlive/2021/texmf-dist/tex/latex/graphics/graphics.sty
Package: graphics 2020/08/30 v1.4c Standard LaTeX Graphics (DPC,SPQR)

(/usr/local/texlive/2021/texmf-dist/tex/latex/graphics/trig.sty
Package: trig 2016/01/03 v1.10 sin cos tan (DPC)
)
(/usr/local/texlive/2021/texmf-dist/tex/latex/graphics-cfg/graphics.cfg
File: graphics.cfg 2016/06/04 v1.11 sample graphics configuration
)
Package graphics Info: Driver file: pdftex.def on input line 105.

(/usr/local/texlive/2021/texmf-dist/tex/latex/graphics-def/pdftex.def
File: pdftex.def 2020/10/05 v1.2a Graphics/color driver for pdftex
))
\Gin@req@height=\dimen138
\Gin@req@width=\dimen139
)
(/usr/local/texlive/2021/texmf-dist/tex/latex/setspace/setspace.sty
Package: setspace 2011/12/19 v6.7a set line spacing
)
(/usr/local/texlive/2021/texmf-dist/tex/latex/fancyhdr/fancyhdr.sty
Package: fancyhdr 2021/01/28 v4.0.1 Extensive control of page headers and foote
rs
\f@nch@headwidth=\skip47
\f@nch@O@elh=\skip48
\f@nch@O@erh=\skip49
\f@nch@O@olh=\skip50
\f@nch@O@orh=\skip51
\f@nch@O@elf=\skip52
\f@nch@O@erf=\skip53
\f@nch@O@olf=\skip54
\f@nch@O@orf=\skip55
)
(/usr/local/texlive/2021/texmf-dist/tex/latex/tabls/tabls.sty
\tablinesep=\dimen140
\arraylinesep=\dimen141
\extrarulesep=\dimen142
\@arstdepth=\dimen143
\@arstheight=\dimen144
\@skip@bove=\dimen145
)
(/usr/local/texlive/2021/texmf-dist/tex/latex/tools/indentfirst.sty
Package: indentfirst 1995/11/23 v1.03 Indent first paragraph (DPC)
)
(/usr/local/texlive/2021/texmf-dist/tex/latex/psnfss/times.sty
Package: times 2020/03/25 PSNFSS-v9.3 (SPQR) 
)
(/usr/local/texlive/2021/texmf-dist/tex/latex/graphics/color.sty
Package: color 2020/02/24 v1.2b Standard LaTeX Color (DPC)

(/usr/local/texlive/2021/texmf-dist/tex/latex/graphics-cfg/color.cfg
File: color.cfg 2016/01/02 v1.6 sample color configuration
)
Package color Info: Driver file: pdftex.def on input line 147.
)
(/usr/local/texlive/2021/texmf-dist/tex/latex/base/size11.clo
File: size11.clo 2020/04/10 v1.4m Standard LaTeX file (size option)
)
\c@part=\count179
\c@section=\count180
\c@subsection=\count181
\c@subsubsection=\count182
\c@paragraph=\count183
\c@subparagraph=\count184
\c@figure=\count185
\c@table=\count186
\abovecaptionskip=\skip56
\belowcaptionskip=\skip57
\bibindent=\dimen146
)
(/usr/local/texlive/2021/texmf-dist/tex/latex/tools/bm.sty
Package: bm 2019/07/24 v1.2d Bold Symbol Support (DPC/FMi)
\symboldoperators=\mathgroup4
\symboldletters=\mathgroup5
\symboldsymbols=\mathgroup6
LaTeX Font Info:    Redeclaring math alphabet \mathbf on input line 141.
LaTeX Info: Redefining \bm on input line 209.
)
(/usr/local/texlive/2021/texmf-dist/tex/latex/amsmath/amsmath.sty
Package: amsmath 2020/09/23 v2.17i AMS math features
\@mathmargin=\skip58

For additional information on amsmath, use the `?' option.
(/usr/local/texlive/2021/texmf-dist/tex/latex/amsmath/amstext.sty
Package: amstext 2000/06/29 v2.01 AMS text

(/usr/local/texlive/2021/texmf-dist/tex/latex/amsmath/amsgen.sty
File: amsgen.sty 1999/11/30 v2.0 generic functions
\@emptytoks=\toks16
\ex@=\dimen147
))
(/usr/local/texlive/2021/texmf-dist/tex/latex/amsmath/amsbsy.sty
Package: amsbsy 1999/11/29 v1.2d Bold Symbols
LaTeX Info: Redefining \boldsymbol on input line 28.
\pmbraise@=\dimen148
)
(/usr/local/texlive/2021/texmf-dist/tex/latex/amsmath/amsopn.sty
Package: amsopn 2016/03/08 v2.02 operator names
)
\inf@bad=\count187
LaTeX Info: Redefining \frac on input line 234.
\uproot@=\count188
\leftroot@=\count189
LaTeX Info: Redefining \overline on input line 399.
\classnum@=\count190
\DOTSCASE@=\count191
LaTeX Info: Redefining \ldots on input line 496.
LaTeX Info: Redefining \dots on input line 499.
LaTeX Info: Redefining \cdots on input line 620.
\Mathstrutbox@=\box47
\strutbox@=\box48
\big@size=\dimen149
LaTeX Font Info:    Redeclaring font encoding OML on input line 743.
LaTeX Font Info:    Redeclaring font encoding OMS on input line 744.
\macc@depth=\count192
\c@MaxMatrixCols=\count193
\dotsspace@=\muskip16
\c@parentequation=\count194
\dspbrk@lvl=\count195
\tag@help=\toks17
\row@=\count196
\column@=\count197
\maxfields@=\count198
\andhelp@=\toks18
\eqnshift@=\dimen150
\alignsep@=\dimen151
\tagshift@=\dimen152
\tagwidth@=\dimen153
\totwidth@=\dimen154
\lineht@=\dimen155
\@envbody=\toks19
\multlinegap=\skip59
\multlinetaggap=\skip60
\mathdisplay@stack=\toks20
LaTeX Info: Redefining \[ on input line 2923.
LaTeX Info: Redefining \] on input line 2924.
)
(/usr/local/texlive/2021/texmf-dist/tex/latex/subfigure/subfigure.sty
Package: subfigure 2002/03/15 v2.1.5 subfigure package
\subfigtopskip=\skip61
\subfigcapskip=\skip62
\subfigcaptopadj=\dimen156
\subfigbottomskip=\skip63
\subfigcapmargin=\dimen157
\subfiglabelskip=\skip64
\c@subfigure=\count199
\c@lofdepth=\count266
\c@subtable=\count267
\c@lotdepth=\count268

****************************************
* Local config file subfigure.cfg used *
****************************************
(/usr/local/texlive/2021/texmf-dist/tex/latex/subfigure/subfigure.cfg)
\subfig@top=\skip65
\subfig@bottom=\skip66
)
(/usr/local/texlive/2021/texmf-dist/tex/latex/hyperref/hyperref.sty
Package: hyperref 2021-02-27 v7.00k Hypertext links for LaTeX

(/usr/local/texlive/2021/texmf-dist/tex/generic/ltxcmds/ltxcmds.sty
Package: ltxcmds 2020-05-10 v1.25 LaTeX kernel commands for general use (HO)
)
(/usr/local/texlive/2021/texmf-dist/tex/generic/iftex/iftex.sty
Package: iftex 2020/03/06 v1.0d TeX engine tests
)
(/usr/local/texlive/2021/texmf-dist/tex/generic/pdftexcmds/pdftexcmds.sty
Package: pdftexcmds 2020-06-27 v0.33 Utility functions of pdfTeX for LuaTeX (HO
)

(/usr/local/texlive/2021/texmf-dist/tex/generic/infwarerr/infwarerr.sty
Package: infwarerr 2019/12/03 v1.5 Providing info/warning/error messages (HO)
)
Package pdftexcmds Info: \pdf@primitive is available.
Package pdftexcmds Info: \pdf@ifprimitive is available.
Package pdftexcmds Info: \pdfdraftmode found.
)
(/usr/local/texlive/2021/texmf-dist/tex/generic/kvsetkeys/kvsetkeys.sty
Package: kvsetkeys 2019/12/15 v1.18 Key value parser (HO)
)
(/usr/local/texlive/2021/texmf-dist/tex/generic/kvdefinekeys/kvdefinekeys.sty
Package: kvdefinekeys 2019-12-19 v1.6 Define keys (HO)
)
(/usr/local/texlive/2021/texmf-dist/tex/generic/pdfescape/pdfescape.sty
Package: pdfescape 2019/12/09 v1.15 Implements pdfTeX's escape features (HO)
)
(/usr/local/texlive/2021/texmf-dist/tex/latex/hycolor/hycolor.sty
Package: hycolor 2020-01-27 v1.10 Color options for hyperref/bookmark (HO)
)
(/usr/local/texlive/2021/texmf-dist/tex/latex/letltxmacro/letltxmacro.sty
Package: letltxmacro 2019/12/03 v1.6 Let assignment for LaTeX macros (HO)
)
(/usr/local/texlive/2021/texmf-dist/tex/latex/auxhook/auxhook.sty
Package: auxhook 2019-12-17 v1.6 Hooks for auxiliary files (HO)
)
(/usr/local/texlive/2021/texmf-dist/tex/latex/kvoptions/kvoptions.sty
Package: kvoptions 2020-10-07 v3.14 Key value format for package options (HO)
)
\@linkdim=\dimen158
\Hy@linkcounter=\count269
\Hy@pagecounter=\count270

(/usr/local/texlive/2021/texmf-dist/tex/latex/hyperref/pd1enc.def
File: pd1enc.def 2021-02-27 v7.00k Hyperref: PDFDocEncoding definition (HO)
Now handling font encoding PD1 ...
... no UTF-8 mapping file for font encoding PD1
)
(/usr/local/texlive/2021/texmf-dist/tex/latex/hyperref/hyperref-langpatches.def
File: hyperref-langpatches.def 2021-02-27 v7.00k Hyperref: patches for babel la
nguages
) (/usr/local/texlive/2021/texmf-dist/tex/generic/intcalc/intcalc.sty
Package: intcalc 2019/12/15 v1.3 Expandable calculations with integers (HO)
)
(/usr/local/texlive/2021/texmf-dist/tex/generic/etexcmds/etexcmds.sty
Package: etexcmds 2019/12/15 v1.7 Avoid name clashes with e-TeX commands (HO)
)
\Hy@SavedSpaceFactor=\count271

(/usr/local/texlive/2021/texmf-dist/tex/latex/hyperref/puenc.def
File: puenc.def 2021-02-27 v7.00k Hyperref: PDF Unicode definition (HO)
Now handling font encoding PU ...
... no UTF-8 mapping file for font encoding PU
)
Package hyperref Info: Option `colorlinks' set `true' on input line 4073.
Package hyperref Info: Hyper figures OFF on input line 4192.
Package hyperref Info: Link nesting OFF on input line 4197.
Package hyperref Info: Hyper index ON on input line 4200.
Package hyperref Info: Plain pages OFF on input line 4207.
Package hyperref Info: Backreferencing OFF on input line 4212.
Package hyperref Info: Implicit mode ON; LaTeX internals redefined.
Package hyperref Info: Bookmarks ON on input line 4445.
\c@Hy@tempcnt=\count272

(/usr/local/texlive/2021/texmf-dist/tex/latex/url/url.sty
\Urlmuskip=\muskip17
Package: url 2013/09/16  ver 3.4  Verb mode for urls, etc.
)
LaTeX Info: Redefining \url on input line 4804.
\XeTeXLinkMargin=\dimen159

(/usr/local/texlive/2021/texmf-dist/tex/generic/bitset/bitset.sty
Package: bitset 2019/12/09 v1.3 Handle bit-vector datatype (HO)

(/usr/local/texlive/2021/texmf-dist/tex/generic/bigintcalc/bigintcalc.sty
Package: bigintcalc 2019/12/15 v1.5 Expandable calculations on big integers (HO
)
))
\Fld@menulength=\count273
\Field@Width=\dimen160
\Fld@charsize=\dimen161
Package hyperref Info: Hyper figures OFF on input line 6075.
Package hyperref Info: Link nesting OFF on input line 6080.
Package hyperref Info: Hyper index ON on input line 6083.
Package hyperref Info: backreferencing OFF on input line 6090.
Package hyperref Info: Link coloring ON on input line 6093.
Package hyperref Info: Link coloring with OCG OFF on input line 6100.
Package hyperref Info: PDF/A mode OFF on input line 6105.
LaTeX Info: Redefining \ref on input line 6145.
LaTeX Info: Redefining \pageref on input line 6149.

(/usr/local/texlive/2021/texmf-dist/tex/latex/base/atbegshi-ltx.sty
Package: atbegshi-ltx 2020/08/17 v1.0a Emulation of the original atbegshi packa
ge
with kernel methods
)
\Hy@abspage=\count274
\c@Item=\count275
\c@Hfootnote=\count276
)
Package hyperref Info: Driver (autodetected): hpdftex.

(/usr/local/texlive/2021/texmf-dist/tex/latex/hyperref/hpdftex.def
File: hpdftex.def 2021-02-27 v7.00k Hyperref driver for pdfTeX

(/usr/local/texlive/2021/texmf-dist/tex/latex/base/atveryend-ltx.sty
Package: atveryend-ltx 2020/08/19 v1.0a Emulation of the original atvery packag
e
with kernel methods
)
\Fld@listcount=\count277
\c@bookmark@seq@number=\count278

(/usr/local/texlive/2021/texmf-dist/tex/latex/rerunfilecheck/rerunfilecheck.sty
Package: rerunfilecheck 2019/12/05 v1.9 Rerun checks for auxiliary files (HO)

(/usr/local/texlive/2021/texmf-dist/tex/generic/uniquecounter/uniquecounter.sty
Package: uniquecounter 2019/12/15 v1.4 Provide unlimited unique counter (HO)
)
Package uniquecounter Info: New unique counter `rerunfilecheck' on input line 2
86.
)
\Hy@SectionHShift=\skip67
) (/usr/local/texlive/2021/texmf-dist/tex/latex/cite/overcite.sty
Package: overcite 2003/05/27  v 4.0
)
(/usr/local/texlive/2021/texmf-dist/tex/latex/cite/cite.sty
LaTeX Info: Redefining \cite on input line 302.
LaTeX Info: Redefining \nocite on input line 332.
Package: cite 2015/02/27  v 5.5
LaTeX Info: Redefining \cite on input line 441.
)
(/usr/local/texlive/2021/texmf-dist/tex/latex/footnpag/footnpag.sty
Package: footnpag 1995/11/10 v2.6 numbering footnotes per page
\old_foot_file=\read2
\foot_file=\write3
\foot_name_no=\count279
)
(/usr/local/texlive/2021/texmf-dist/tex/latex/epstopdf-pkg/epstopdf.sty
Package: epstopdf 2020-01-24 v2.11 Conversion with epstopdf on the fly (HO)

(/usr/local/texlive/2021/texmf-dist/tex/latex/grfext/grfext.sty
Package: grfext 2019/12/03 v1.3 Manage graphics extensions (HO)
)
(/usr/local/texlive/2021/texmf-dist/tex/latex/epstopdf-pkg/epstopdf-base.sty
Package: epstopdf-base 2020-01-24 v2.11 Base part for package epstopdf
Package epstopdf-base Info: Redefining graphics rule for `.eps' on input line 4
85.
Package grfext Info: Graphics extension search list:
(grfext)             [.pdf,.png,.jpg,.mps,.jpeg,.jbig2,.jb2,.PDF,.PNG,.JPG,.JPE
G,.JBIG2,.JB2,.eps]
(grfext)             \AppendGraphicsExtensions on input line 504.

(/usr/local/texlive/2021/texmf-dist/tex/latex/latexconfig/epstopdf-sys.cfg
File: epstopdf-sys.cfg 2010/07/13 v1.3 Configuration of (r)epstopdf for TeX Liv
e
)))
LaTeX Font Info:    Trying to load font information for OT1+ptm on input line 2
1.

(/usr/local/texlive/2021/texmf-dist/tex/latex/psnfss/ot1ptm.fd
File: ot1ptm.fd 2001/06/04 font definitions for OT1/ptm.
)
(/usr/local/texlive/2021/texmf-dist/tex/latex/l3backend/l3backend-pdftex.def
File: l3backend-pdftex.def 2021-03-18 L3 backend support: PDF output (pdfTeX)
\l__color_backend_stack_int=\count280
\l__pdf_internal_box=\box49
)

LaTeX Warning: Unused global option(s):
    [paper].

(./report.aux)
\openout1 = `report.aux'.

LaTeX Font Info:    Checking defaults for OML/cmm/m/it on input line 21.
LaTeX Font Info:    ... okay on input line 21.
LaTeX Font Info:    Checking defaults for OMS/cmsy/m/n on input line 21.
LaTeX Font Info:    ... okay on input line 21.
LaTeX Font Info:    Checking defaults for OT1/cmr/m/n on input line 21.
LaTeX Font Info:    ... okay on input line 21.
LaTeX Font Info:    Checking defaults for T1/cmr/m/n on input line 21.
LaTeX Font Info:    ... okay on input line 21.
LaTeX Font Info:    Checking defaults for TS1/cmr/m/n on input line 21.
LaTeX Font Info:    ... okay on input line 21.
LaTeX Font Info:    Checking defaults for OMX/cmex/m/n on input line 21.
LaTeX Font Info:    ... okay on input line 21.
LaTeX Font Info:    Checking defaults for U/cmr/m/n on input line 21.
LaTeX Font Info:    ... okay on input line 21.
LaTeX Font Info:    Checking defaults for PD1/pdf/m/n on input line 21.
LaTeX Font Info:    ... okay on input line 21.
LaTeX Font Info:    Checking defaults for PU/pdf/m/n on input line 21.
LaTeX Font Info:    ... okay on input line 21.

(/usr/local/texlive/2021/texmf-dist/tex/context/base/mkii/supp-pdf.mkii
[Loading MPS to PDF converter (version 2006.09.02).]
\scratchcounter=\count281
\scratchdimen=\dimen162
\scratchbox=\box50
\nofMPsegments=\count282
\nofMParguments=\count283
\everyMPshowfont=\toks21
\MPscratchCnt=\count284
\MPscratchDim=\dimen163
\MPnumerator=\count285
\makeMPintoPDFobject=\count286
\everyMPtoPDFconversion=\toks22
)
Package hyperref Info: Link coloring ON on input line 21.
 (/usr/local/texlive/2021/texmf-dist/tex/latex/hyperref/nameref.sty
Package: nameref 2021-04-02 v2.47 Cross-referencing by name of section

(/usr/local/texlive/2021/texmf-dist/tex/latex/refcount/refcount.sty
Package: refcount 2019/12/15 v3.6 Data extraction from label references (HO)
)
(/usr/local/texlive/2021/texmf-dist/tex/generic/gettitlestring/gettitlestring.s
ty
Package: gettitlestring 2019/12/15 v1.6 Cleanup title references (HO)
)
\c@section@level=\count287
)
LaTeX Info: Redefining \ref on input line 21.
LaTeX Info: Redefining \pageref on input line 21.
LaTeX Info: Redefining \nameref on input line 21.
 (./report.out) (./report.out)
\@outlinefile=\write4
\openout4 = `report.out'.

LaTeX Font Info:    Trying to load font information for OT1+phv on input line 2
7.

(/usr/local/texlive/2021/texmf-dist/tex/latex/psnfss/ot1phv.fd
File: ot1phv.fd 2020/03/25 scalable font definitions for OT1/phv.
)
LaTeX Font Info:    Trying to load font information for TS1+ptm on input line 2
7.

(/usr/local/texlive/2021/texmf-dist/tex/latex/psnfss/ts1ptm.fd
File: ts1ptm.fd 2001/06/04 font definitions for TS1/ptm.
) [1

{/usr/local/texlive/2021/texmf-var/fonts/map/pdftex/updmap/pdftex.map}] [2]

LaTeX Warning: No positions in optional float specifier.
               Default added (so using `tbp') on input line 92.


LaTeX Warning: No positions in optional float specifier.
               Default added (so using `tbp') on input line 110.

Package epstopdf Info: Source file: <./../../figures/iTraj.eps>
(epstopdf)                    date: 2021-12-09 11:45:16
(epstopdf)                    size: 393866 bytes
(epstopdf)             Output file: <./iTraj-eps-converted-to.pdf>
(epstopdf)                    date: 2021-12-15 10:13:38
(epstopdf)                    size: 137835 bytes
(epstopdf)             Command: <repstopdf --outfile=./iTraj-eps-converted-to.p
df ./../../figures/iTraj.eps>
(epstopdf)             \includegraphics on input line 112.
Package epstopdf Info: Output file is already uptodate.
<./iTraj-eps-converted-to.pdf, id=109, 317.185pt x 272.01625pt>
File: ./iTraj-eps-converted-to.pdf Graphic file (type pdf)
<use ./iTraj-eps-converted-to.pdf>
Package pdftex.def Info: ./iTraj-eps-converted-to.pdf  used on input line 112.
(pdftex.def)             Requested size: 325.215pt x 278.92636pt.
[3]

LaTeX Warning: No positions in optional float specifier.
               Default added (so using `tbp') on input line 137.


Underfull \vbox (badness 4254) has occurred while \output is active []

 [4 <./iTraj-eps-converted-to.pdf>] [5] [6] [7] [8]

LaTeX Font Warning: Command \boldmath invalid in math mode on input line 344.


LaTeX Font Warning: Command \mathversion invalid in math mode on input line 344
.


LaTeX Font Warning: Command \boldmath invalid in math mode on input line 344.


LaTeX Font Warning: Command \mathversion invalid in math mode on input line 344
.


LaTeX Font Warning: Command \boldmath invalid in math mode on input line 344.


LaTeX Font Warning: Command \mathversion invalid in math mode on input line 344
.


LaTeX Font Warning: Command \boldmath invalid in math mode on input line 344.


LaTeX Font Warning: Command \mathversion invalid in math mode on input line 344
.

[9] [10]
Package epstopdf Info: Source file: <./../../figures/EKFPosVelError.eps>
(epstopdf)                    date: 2021-12-16 20:40:19
(epstopdf)                    size: 904253 bytes
(epstopdf)             Output file: <./EKFPosVelError-eps-converted-to.pdf>
(epstopdf)                    date: 2021-12-16 20:43:05
(epstopdf)                    size: 878366 bytes
(epstopdf)             Command: <repstopdf --outfile=./EKFPosVelError-eps-conve
rted-to.pdf ./../../figures/EKFPosVelError.eps>
(epstopdf)             \includegraphics on input line 440.
Package epstopdf Info: Output file is already uptodate.
<./EKFPosVelError-eps-converted-to.pdf, id=250, 470.75874pt x 579.16376pt>
File: ./EKFPosVelError-eps-converted-to.pdf Graphic file (type pdf)
<use ./EKFPosVelError-eps-converted-to.pdf>
Package pdftex.def Info: ./EKFPosVelError-eps-converted-to.pdf  used on input l
ine 440.
(pdftex.def)             Requested size: 470.7576pt x 579.16234pt.

Overfull \hbox (37.1376pt too wide) in paragraph at lines 440--441
 [][] 
 []

Package epstopdf Info: Source file: <./../../figures/EKFMassError.eps>
(epstopdf)                    date: 2021-12-16 20:40:20
(epstopdf)                    size: 873992 bytes
(epstopdf)             Output file: <./EKFMassError-eps-converted-to.pdf>
(epstopdf)                    date: 2021-12-16 20:43:05
(epstopdf)                    size: 207535 bytes
(epstopdf)             Command: <repstopdf --outfile=./EKFMassError-eps-convert
ed-to.pdf ./../../figures/EKFMassError.eps>
(epstopdf)             \includegraphics on input line 447.
Package epstopdf Info: Output file is already uptodate.
<./EKFMassError-eps-converted-to.pdf, id=251, 401.5pt x 184.69pt>
File: ./EKFMassError-eps-converted-to.pdf Graphic file (type pdf)
<use ./EKFMassError-eps-converted-to.pdf>
Package pdftex.def Info: ./EKFMassError-eps-converted-to.pdf  used on input lin
e 447.
(pdftex.def)             Requested size: 401.49901pt x 184.68953pt.
[11] [12 <./EKFPosVelError-eps-converted-to.pdf>]
Package epstopdf Info: Source file: <./../../figures/EKFPosVelHist.eps>
(epstopdf)                    date: 2021-12-16 20:40:22
(epstopdf)                    size: 475905 bytes
(epstopdf)             Output file: <./EKFPosVelHist-eps-converted-to.pdf>
(epstopdf)                    date: 2021-12-16 20:43:06
(epstopdf)                    size: 279429 bytes
(epstopdf)             Command: <repstopdf --outfile=./EKFPosVelHist-eps-conver
ted-to.pdf ./../../figures/EKFPosVelHist.eps>
(epstopdf)             \includegraphics on input line 462.
Package epstopdf Info: Output file is already uptodate.
<./EKFPosVelHist-eps-converted-to.pdf, id=288, 470.75874pt x 579.16376pt>
File: ./EKFPosVelHist-eps-converted-to.pdf Graphic file (type pdf)
<use ./EKFPosVelHist-eps-converted-to.pdf>
Package pdftex.def Info: ./EKFPosVelHist-eps-converted-to.pdf  used on input li
ne 462.
(pdftex.def)             Requested size: 470.7576pt x 579.16234pt.

Overfull \hbox (37.1376pt too wide) in paragraph at lines 462--463
 [][] 
 []

Package epstopdf Info: Source file: <./../../figures/EKFMassHist.eps>
(epstopdf)                    date: 2021-12-16 20:40:23
(epstopdf)                    size: 99373 bytes
(epstopdf)             Output file: <./EKFMassHist-eps-converted-to.pdf>
(epstopdf)                    date: 2021-12-16 20:43:06
(epstopdf)                    size: 54521 bytes
(epstopdf)             Command: <repstopdf --outfile=./EKFMassHist-eps-converte
d-to.pdf ./../../figures/EKFMassHist.eps>
(epstopdf)             \includegraphics on input line 469.
Package epstopdf Info: Output file is already uptodate.
<./EKFMassHist-eps-converted-to.pdf, id=289, 235.88126pt x 195.73125pt>
File: ./EKFMassHist-eps-converted-to.pdf Graphic file (type pdf)
<use ./EKFMassHist-eps-converted-to.pdf>
Package pdftex.def Info: ./EKFMassHist-eps-converted-to.pdf  used on input line
 469.
(pdftex.def)             Requested size: 235.88068pt x 195.73076pt.
[13 <./EKFMassError-eps-converted-to.pdf>] [14 <./EKFPosVelHist-eps-converted-t
o.pdf>]
Package epstopdf Info: Source file: <./../../figures/UKFPosVelError.eps>
(epstopdf)                    date: 2021-12-16 20:59:37
(epstopdf)                    size: 647701 bytes
(epstopdf)             Output file: <./UKFPosVelError-eps-converted-to.pdf>
(epstopdf)                    date: 2021-12-16 21:00:45
(epstopdf)                    size: 556655 bytes
(epstopdf)             Command: <repstopdf --outfile=./UKFPosVelError-eps-conve
rted-to.pdf ./../../figures/UKFPosVelError.eps>
(epstopdf)             \includegraphics on input line 483.
Package epstopdf Info: Output file is already uptodate.
<./UKFPosVelError-eps-converted-to.pdf, id=331, 470.75874pt x 579.16376pt>
File: ./UKFPosVelError-eps-converted-to.pdf Graphic file (type pdf)
<use ./UKFPosVelError-eps-converted-to.pdf>
Package pdftex.def Info: ./UKFPosVelError-eps-converted-to.pdf  used on input l
ine 483.
(pdftex.def)             Requested size: 470.7576pt x 579.16234pt.

Overfull \hbox (37.1376pt too wide) in paragraph at lines 483--484
 [][] 
 []

Package epstopdf Info: Source file: <./../../figures/UKFMassError.eps>
(epstopdf)                    date: 2021-12-16 20:59:38
(epstopdf)                    size: 888225 bytes
(epstopdf)             Output file: <./UKFMassError-eps-converted-to.pdf>
(epstopdf)                    date: 2021-12-16 21:00:45
(epstopdf)                    size: 251336 bytes
(epstopdf)             Command: <repstopdf --outfile=./UKFMassError-eps-convert
ed-to.pdf ./../../figures/UKFMassError.eps>
(epstopdf)             \includegraphics on input line 490.
Package epstopdf Info: Output file is already uptodate.
<./UKFMassError-eps-converted-to.pdf, id=332, 406.51875pt x 184.69pt>
File: ./UKFMassError-eps-converted-to.pdf Graphic file (type pdf)
<use ./UKFMassError-eps-converted-to.pdf>
Package pdftex.def Info: ./UKFMassError-eps-converted-to.pdf  used on input lin
e 490.
(pdftex.def)             Requested size: 406.51775pt x 184.68953pt.
[15 <./EKFMassHist-eps-converted-to.pdf>] [16 <./UKFPosVelError-eps-converted-t
o.pdf>] [17 <./UKFMassError-eps-converted-to.pdf>]
Package epstopdf Info: Source file: <./../../figures/UKFPosVelHist.eps>
(epstopdf)                    date: 2021-12-16 21:00:24
(epstopdf)                    size: 566023 bytes
(epstopdf)             Output file: <./UKFPosVelHist-eps-converted-to.pdf>
(epstopdf)                    date: 2021-12-16 21:00:46
(epstopdf)                    size: 346043 bytes
(epstopdf)             Command: <repstopdf --outfile=./UKFPosVelHist-eps-conver
ted-to.pdf ./../../figures/UKFPosVelHist.eps>
(epstopdf)             \includegraphics on input line 505.
Package epstopdf Info: Output file is already uptodate.
<./UKFPosVelHist-eps-converted-to.pdf, id=391, 470.75874pt x 579.16376pt>
File: ./UKFPosVelHist-eps-converted-to.pdf Graphic file (type pdf)
<use ./UKFPosVelHist-eps-converted-to.pdf>
Package pdftex.def Info: ./UKFPosVelHist-eps-converted-to.pdf  used on input li
ne 505.
(pdftex.def)             Requested size: 470.7576pt x 579.16234pt.

Overfull \hbox (37.1376pt too wide) in paragraph at lines 505--506
 [][] 
 []

Package epstopdf Info: Source file: <./../../figures/UKFMassHist.eps>
(epstopdf)                    date: 2021-12-16 20:59:41
(epstopdf)                    size: 113734 bytes
(epstopdf)             Output file: <./UKFMassHist-eps-converted-to.pdf>
(epstopdf)                    date: 2021-12-16 21:00:47
(epstopdf)                    size: 65898 bytes
(epstopdf)             Command: <repstopdf --outfile=./UKFMassHist-eps-converte
d-to.pdf ./../../figures/UKFMassHist.eps>
(epstopdf)             \includegraphics on input line 512.
Package epstopdf Info: Output file is already uptodate.
<./UKFMassHist-eps-converted-to.pdf, id=392, 235.88126pt x 195.73125pt>
File: ./UKFMassHist-eps-converted-to.pdf Graphic file (type pdf)
<use ./UKFMassHist-eps-converted-to.pdf>
Package pdftex.def Info: ./UKFMassHist-eps-converted-to.pdf  used on input line
 512.
(pdftex.def)             Requested size: 235.88068pt x 195.73076pt.
[18]

LaTeX Warning: Text page 19 contains only floats.

[19 <./UKFPosVelHist-eps-converted-to.pdf>] (./report.bbl) [20 <./UKFMassHist-e
ps-converted-to.pdf>] (./report.aux)
Package rerunfilecheck Info: File `report.out' has not changed.
(rerunfilecheck)             Checksum: 31BE9EEC35EA3F1414D288667BEE89F5;2360.
 ) 
Here is how much of TeX's memory you used:
 9496 strings out of 478994
 139700 string characters out of 5858183
 451104 words of memory out of 5000000
 26656 multiletter control sequences out of 15000+600000
 435449 words of font info for 94 fonts, out of 8000000 for 9000
 1141 hyphenation exceptions out of 8191
 83i,20n,88p,1959b,348s stack positions out of 5000i,500n,10000p,200000b,80000s
pdfTeX warning (dest): name{section*.17} has been referenced but does not exi
st, replaced by a fixed one

pdfTeX warning (dest): name{section*.14} has been referenced but does not exist
, replaced by a fixed one

pdfTeX warning (dest): name{section*.7} has been referenced but does not exist,
 replaced by a fixed one

pdfTeX warning (dest): name{section*.2} has been referenced but does not exist,
 replaced by a fixed one

pdfTeX warning (dest): name{section*.1} has been referenced but does not exist,
 replaced by a fixed one

{/usr/local/texlive/2021/texmf-dist/fonts/enc/dvips/base/8r.enc}</usr/local/tex
live/2021/texmf-dist/fonts/type1/public/amsfonts/cm/cmbx10.pfb></usr/local/texl
ive/2021/texmf-dist/fonts/type1/public/amsfonts/cm/cmbx8.pfb></usr/local/texliv
e/2021/texmf-dist/fonts/type1/public/amsfonts/cm/cmex10.pfb></usr/local/texlive
/2021/texmf-dist/fonts/type1/public/amsfonts/cm/cmmi10.pfb></usr/local/texlive/
2021/texmf-dist/fonts/type1/public/amsfonts/cm/cmmi6.pfb></usr/local/texlive/20
21/texmf-dist/fonts/type1/public/amsfonts/cm/cmmi8.pfb></usr/local/texlive/2021
/texmf-dist/fonts/type1/public/amsfonts/cm/cmmib10.pfb></usr/local/texlive/2021
/texmf-dist/fonts/type1/public/amsfonts/cmextra/cmmib8.pfb></usr/local/texlive/
2021/texmf-dist/fonts/type1/public/amsfonts/cm/cmr10.pfb></usr/local/texlive/20
21/texmf-dist/fonts/type1/public/amsfonts/cm/cmr6.pfb></usr/local/texlive/2021/
texmf-dist/fonts/type1/public/amsfonts/cm/cmr8.pfb></usr/local/texlive/2021/tex
mf-dist/fonts/type1/public/amsfonts/cm/cmsy10.pfb></usr/local/texlive/2021/texm
f-dist/fonts/type1/public/amsfonts/cm/cmsy6.pfb></usr/local/texlive/2021/texmf-
dist/fonts/type1/public/amsfonts/cm/cmsy8.pfb></usr/local/texlive/2021/texmf-di
st/fonts/type1/urw/helvetic/uhvb8a.pfb></usr/local/texlive/2021/texmf-dist/font
s/type1/urw/times/utmb8a.pfb></usr/local/texlive/2021/texmf-dist/fonts/type1/ur
w/times/utmr8a.pfb></usr/local/texlive/2021/texmf-dist/fonts/type1/urw/times/ut
mri8a.pfb>
Output written on report.pdf (20 pages, 3011016 bytes).
PDF statistics:
 534 PDF objects out of 1000 (max. 8388607)
 375 compressed objects within 4 object streams
 130 named destinations out of 1000 (max. 500000)
 182 words of extra memory for PDF output out of 10000 (max. 10000000)

